<?xml version="1.0" encoding="UTF-8"?>
<!-- Generated by org.testng.reporters.JUnitXMLReporter -->
<testsuite hostname="administrator-Latitude-3490" ignored="1" name="Command line test" tests="1" failures="1" timestamp="2021-01-02T18:01:44 IST" time="5.371" errors="0">
  <testcase name="testcase1" time="0.003" classname="seleniumproject.TestClass.googleSearchTest">
    <failure type="java.lang.NullPointerException">
      <![CDATA[java.lang.NullPointerException
at seleniumproject.TestClass.googleSearchTest.testcase1(googleSearchTest.java:10)
at java.util.ArrayList.forEach(ArrayList.java:1257)
... Removed 37 stack frames]]>
    </failure>
  </testcase> <!-- testcase1 -->
  <testcase name="@BeforeTest setDriverPath" time="0.0" classname="seleniumproject.TestClass.BaseTest">
    <ignored/>
  </testcase> <!-- @BeforeTest setDriverPath -->
</testsuite> <!-- Command line test -->
