<?xml version="1.0" encoding="UTF-8" ?>
<testsuite tests="1" failures="1" name="TestSuite" time="0.007" errors="0" skipped="0">
  <properties>
[...]
</properties>
  <testcase classname="seleniumproject.TestClass.googleSearchTest" name="testcase1" time="0.007">
    <failure type="java.lang.NullPointerException">java.lang.NullPointerException
	at seleniumproject.TestClass.googleSearchTest.testcase1(googleSearchTest.java:10)
</failure>
    <system-out>Configuring TestNG with: org.apache.maven.surefire.testng.conf.TestNG652Configurator@1d251891
Chrome
</system-out>
    <system-err>Starting ChromeDriver 80.0.3987.106 (f68069574609230cf9b635cd784cfb1bf81bb53a-refs/branch-heads/3987@{#882}) on port 26708
Only local connections are allowed.
Please protect ports used by ChromeDriver and related test frameworks to prevent access by malicious code.
Jan 02, 2021 6:01:39 PM org.openqa.selenium.remote.ProtocolHandshake createSession
INFO: Detected dialect: W3C
[1609590701.901][SEVERE]: Timed out receiving message from renderer: 0.100
[1609590702.035][SEVERE]: Timed out receiving message from renderer: 0.100
[1609590702.233][SEVERE]: Timed out receiving message from renderer: 0.100
[1609590702.336][SEVERE]: Timed out receiving message from renderer: 0.100
[1609590702.595][SEVERE]: Timed out receiving message from renderer: 0.100
[1609590702.698][SEVERE]: Timed out receiving message from renderer: 0.100
[1609590702.800][SEVERE]: Timed out receiving message from renderer: 0.100
[1609590702.904][SEVERE]: Timed out receiving message from renderer: 0.100
[1609590703.014][SEVERE]: Timed out receiving message from renderer: 0.100
[1609590703.126][SEVERE]: Timed out receiving message from renderer: 0.100
[1609590703.227][SEVERE]: Timed out receiving message from renderer: 0.100
[1609590703.329][SEVERE]: Timed out receiving message from renderer: 0.100
[1609590703.431][SEVERE]: Timed out receiving message from renderer: 0.100
[1609590703.534][SEVERE]: Timed out receiving message from renderer: 0.100
</system-err>
  </testcase>
</testsuite>